
###############################################################################
#                                                                             #
#                 LICHEM: Layered Interacting CHEmical Models                 #
#                                                                             #
#                      Symbiotic Computational Chemistry                      #
#                                                                             #
###############################################################################


Last modification: 17:03:02 on Apr 21 2025

Reading input...

Reading restart information...

Restart file contains 60 beads.
Warning: Reducing LREC cutoff (18.105) due to the minimum image convention.

No fatal errors detected.
 And there was much rejoicing. Yay...

Setting up simulation...

Input files:
 Coordinate file: rkt_dfp.xyz
 Connectivity file: connect.inp
 Region file: regions.inp
 Restart file: BeadStartStruct.xyz

Atoms: 4550
 QM atoms: 50
  Charge: 0
  Spin: 1
 MM atoms: 4500
 Pseudo-atoms: 0
 Boundary-atoms: 0
 Frozen atoms: 3177
 RP beads: 60

Simulation mode: QMMM QSM
 QM wrapper: Gaussian
 QM method: wb97xd/6-311g(d,p)
 MM wrapper: TINKER
 MM potential: Polarizable force field
 MM restrain: YES
 Force constant for restrain: 2.5

Simulation box settings:
 Boundaries: Periodic
 Box size (Å): 36.2100000 36.2100000 36.2100000
 Density: 0.95828805 g/cm³
 QM LREC: Yes
 LREC cutoff: 18.10500 Å
 LREC exponent: 3
 MM Ewald: Yes

Parallelization and memory settings:
 OpenMP threads: 120
 QM threads: 120
 QM memory: 16 GB
 MM threads: 120

Optimization settings:
 End points: Frozen 
 Max. opt. steps: 25
 Max. QM steps per opt. step: 100

QM convergence criteria:
 RMS deviation: 0.001 Å
 RMS force: 0.025000 Hartree/bohr
 Max. force: 0.050000 Hartree/bohr

MM convergence criteria:
 RMS deviation: 0.1 Å
 RMS force: 0.1 kcal/Å


   ----------------------------------------------------------------
                              QSM OPTIMIZATION 
   ----------------------------------------------------------------

     Max. number of QSM Macro iterations  
     is set to 25

       Points are spaced out: 0.001883687898735854

     > Calculating initial energies and forces. < 


               Bead energies:
                 Bead |  Coord |       E (a.u)        |  RE (kcal/mol)  
                    0 |  0.000 |       -1392.42726024 |         0.0000
                    1 |  0.017 |       -1392.42710092 |         0.1000
                    2 |  0.034 |       -1392.42669247 |         0.3563
                    3 |  0.051 |       -1392.42606079 |         0.7527
                    4 |  0.068 |       -1392.42524207 |         1.2664
                    5 |  0.085 |       -1392.42424341 |         1.8931
                    6 |  0.102 |       -1392.42309641 |         2.6128
                    7 |  0.119 |       -1392.42182475 |         3.4108
                    8 |  0.136 |       -1392.42044206 |         4.2785
                    9 |  0.153 |       -1392.41897145 |         5.2013
                   10 |  0.169 |       -1392.41743467 |         6.1656
                   11 |  0.186 |       -1392.41584951 |         7.1603
                   12 |  0.203 |       -1392.41423227 |         8.1752
                   13 |  0.220 |       -1392.41259828 |         9.2005
                   14 |  0.237 |       -1392.41096625 |        10.2246
                   15 |  0.254 |       -1392.40935212 |        11.2375
                   16 |  0.271 |       -1392.40776439 |        12.2338
                   17 |  0.288 |       -1392.40621669 |        13.2050
                   18 |  0.305 |       -1392.40470738 |        14.1521
                   19 |  0.322 |       -1392.40328820 |        15.0427
                   20 |  0.339 |       -1392.40195119 |        15.8817
                   21 |  0.356 |       -1392.40070257 |        16.6652
                   22 |  0.373 |       -1392.39955147 |        17.3875
                   23 |  0.390 |       -1392.39850536 |        18.0440
                   24 |  0.407 |       -1392.39757157 |        18.6299
                   25 |  0.424 |       -1392.39676476 |        19.1362
                   26 |  0.441 |       -1392.39607614 |        19.5683
                   27 |  0.458 |       -1392.39552157 |        19.9163
                   28 |  0.475 |       -1392.39510201 |        20.1796
                   29 |  0.492 |       -1392.39482200 |        20.3553
                   30 |  0.508 |       -1392.39471674 |        20.4214
                   31 |  0.525 |       -1392.39470698 |        20.4275
                   32 |  0.542 |       -1392.39483649 |        20.3462
                   33 |  0.559 |       -1392.39509859 |        20.1818
                   34 |  0.576 |       -1392.39549500 |        19.9330
                   35 |  0.593 |       -1392.39602358 |        19.6013
                   36 |  0.610 |       -1392.39667816 |        19.1906
                   37 |  0.627 |       -1392.39744781 |        18.7076
                   38 |  0.644 |       -1392.39834097 |        18.1471
                   39 |  0.661 |       -1392.39936610 |        17.5039
                   40 |  0.678 |       -1392.40046965 |        16.8114
                   41 |  0.695 |       -1392.40167602 |        16.0544
                   42 |  0.712 |       -1392.40292470 |        15.2708
                   43 |  0.729 |       -1392.40426652 |        14.4288
                   44 |  0.746 |       -1392.40567421 |        13.5455
                   45 |  0.763 |       -1392.40712087 |        12.6377
                   46 |  0.780 |       -1392.40859590 |        11.7121
                   47 |  0.797 |       -1392.41008851 |        10.7754
                   48 |  0.814 |       -1392.41158264 |         9.8378
                   49 |  0.831 |       -1392.41305785 |         8.9121
                   50 |  0.847 |       -1392.41449457 |         8.0106
                   51 |  0.864 |       -1392.41588347 |         7.1390
                   52 |  0.881 |       -1392.41714686 |         6.3463
                   53 |  0.898 |       -1392.41835774 |         5.5864
                   54 |  0.915 |       -1392.41945357 |         4.8988
                   55 |  0.932 |       -1392.42041059 |         4.2982
                   56 |  0.949 |       -1392.42120146 |         3.8019
                   57 |  0.966 |       -1392.42180197 |         3.4251
                   58 |  0.983 |       -1392.42218407 |         3.1854
                   59 |  1.000 |       -1392.42232530 |         3.0967

               | TS Bead          : 31 
               | Reactant Energy  : -1392.42726024 a.u 
               | TS Energy        : -1392.39470698 a.u 
               | Product Energy   : -1392.42232530 a.u 
               | Forward Barrier  : 0.03255326 a.u    | 20.4275 kcal/mol
               | Backward Barrier : 0.02761832 a.u    | 17.3308 kcal/mol



     > Optimization Steps < 

       | Opt. step : 1

         | First optimization step.
         | Loose tolerance for the QM steps.
         | RMS Deviation = 0.01 Å
         | RMS force     = 0.250000 Hartrees/bohr
         | Max. force    = 0.500000 Hartrees/bohr

            | QM step : 1

               Using forces from initial step.
               Bead energies:
                 Bead |  Coord |       E (a.u)        |  RE (kcal/mol)  
                    0 |  0.000 |       -1392.42726024 |         0.0000
                    1 |  0.017 |       -1392.42710092 |         0.1000
                    2 |  0.034 |       -1392.42669247 |         0.3563
                    3 |  0.051 |       -1392.42606079 |         0.7527
                    4 |  0.068 |       -1392.42524207 |         1.2664
                    5 |  0.085 |       -1392.42424341 |         1.8931
                    6 |  0.102 |       -1392.42309641 |         2.6128
                    7 |  0.119 |       -1392.42182475 |         3.4108
                    8 |  0.136 |       -1392.42044206 |         4.2785
                    9 |  0.153 |       -1392.41897145 |         5.2013
                   10 |  0.169 |       -1392.41743467 |         6.1656
                   11 |  0.186 |       -1392.41584951 |         7.1603
                   12 |  0.203 |       -1392.41423227 |         8.1752
                   13 |  0.220 |       -1392.41259828 |         9.2005
                   14 |  0.237 |       -1392.41096625 |        10.2246
                   15 |  0.254 |       -1392.40935212 |        11.2375
                   16 |  0.271 |       -1392.40776439 |        12.2338
                   17 |  0.288 |       -1392.40621669 |        13.2050
                   18 |  0.305 |       -1392.40470738 |        14.1521
                   19 |  0.322 |       -1392.40328820 |        15.0427
                   20 |  0.339 |       -1392.40195119 |        15.8817
                   21 |  0.356 |       -1392.40070257 |        16.6652
                   22 |  0.373 |       -1392.39955147 |        17.3875
                   23 |  0.390 |       -1392.39850536 |        18.0440
                   24 |  0.407 |       -1392.39757157 |        18.6299
                   25 |  0.424 |       -1392.39676476 |        19.1362
                   26 |  0.441 |       -1392.39607614 |        19.5683
                   27 |  0.458 |       -1392.39552157 |        19.9163
                   28 |  0.475 |       -1392.39510201 |        20.1796
                   29 |  0.492 |       -1392.39482200 |        20.3553
                   30 |  0.508 |       -1392.39471674 |        20.4214
                   31 |  0.525 |       -1392.39470698 |        20.4275
                   32 |  0.542 |       -1392.39483649 |        20.3462
                   33 |  0.559 |       -1392.39509859 |        20.1818
                   34 |  0.576 |       -1392.39549500 |        19.9330
                   35 |  0.593 |       -1392.39602358 |        19.6013
                   36 |  0.610 |       -1392.39667816 |        19.1906
                   37 |  0.627 |       -1392.39744781 |        18.7076
                   38 |  0.644 |       -1392.39834097 |        18.1471
                   39 |  0.661 |       -1392.39936610 |        17.5039
                   40 |  0.678 |       -1392.40046965 |        16.8114
                   41 |  0.695 |       -1392.40167602 |        16.0544
                   42 |  0.712 |       -1392.40292470 |        15.2708
                   43 |  0.729 |       -1392.40426652 |        14.4288
                   44 |  0.746 |       -1392.40567421 |        13.5455
                   45 |  0.763 |       -1392.40712087 |        12.6377
                   46 |  0.780 |       -1392.40859590 |        11.7121
                   47 |  0.797 |       -1392.41008851 |        10.7754
                   48 |  0.814 |       -1392.41158264 |         9.8378
                   49 |  0.831 |       -1392.41305785 |         8.9121
                   50 |  0.847 |       -1392.41449457 |         8.0106
                   51 |  0.864 |       -1392.41588347 |         7.1390
                   52 |  0.881 |       -1392.41714686 |         6.3463
                   53 |  0.898 |       -1392.41835774 |         5.5864
                   54 |  0.915 |       -1392.41945357 |         4.8988
                   55 |  0.932 |       -1392.42041059 |         4.2982
                   56 |  0.949 |       -1392.42120146 |         3.8019
                   57 |  0.966 |       -1392.42180197 |         3.4251
                   58 |  0.983 |       -1392.42218407 |         3.1854
                   59 |  1.000 |       -1392.42232530 |         3.0967

               | TS Bead          : 31 
               | Reactant Energy  : -1392.42726024 a.u 
               | TS Energy        : -1392.39470698 a.u 
               | Product Energy   : -1392.42232530 a.u 
               | Forward Barrier  : 0.03255326 a.u    | 20.4275 kcal/mol
               | Backward Barrier : 0.02761832 a.u    | 17.3308 kcal/mol



            | QM step : 2

               Computing forces. 

               Bead energies:
                 Bead |  Coord |       E (a.u)        |  RE (kcal/mol)  
                    0 |  0.000 |       -1392.42726024 |         0.0000
                    1 |  0.017 |       -1392.42717196 |         0.0554
                    2 |  0.034 |       -1392.42696860 |         0.1830
                    3 |  0.051 |       -1392.42664876 |         0.3837
                    4 |  0.068 |       -1392.42621494 |         0.6559
                    5 |  0.085 |       -1392.42566826 |         0.9990
                    6 |  0.102 |       -1392.42499686 |         1.4203
                    7 |  0.119 |       -1392.42419475 |         1.9236
                    8 |  0.136 |       -1392.42327114 |         2.5032
                    9 |  0.153 | 159360143606232096076448752276496606362167410688.00000000 | 100000083714346705373830433710820097650812967190528.0000
                   10 |  0.170 |       -1392.42105729 |         3.8924
                   11 |  0.187 |       -1392.41982094 |         4.6682
                   12 |  0.203 |       -1392.41859664 |         5.4365
                   13 |  0.220 |       -1392.41735679 |         6.2145
                   14 |  0.238 |       -1392.41601431 |         7.0569
                   15 |  0.255 |       -1392.41458782 |         7.9521
                   16 |  0.272 |       -1392.41307716 |         8.9000
                   17 |  0.289 |       -1392.41157195 |         9.8446
                   18 |  0.306 |       -1392.41006794 |        10.7883
                   19 |  0.323 |       -1392.40858993 |        11.7158
                   20 |  0.340 |       -1392.40717060 |        12.6065
                   21 |  0.357 |       -1392.40582251 |        13.4524
                   22 |  0.374 |       -1392.40455859 |        14.2455
                   23 |  0.391 |       -1392.40339926 |        14.9730
                   24 |  0.408 |       -1392.40235725 |        15.6269
                   25 |  0.425 |       -1392.40143701 |        16.2043
                   26 |  0.441 |       -1392.40064875 |        16.6990
                   27 |  0.458 |       -1392.40005563 |        17.0712
                   28 |  0.475 |       -1392.39956256 |        17.3806
                   29 |  0.492 |       -1392.39921816 |        17.5967
                   30 |  0.509 |       -1392.39902808 |        17.7160
                   31 |  0.526 |       -1392.39898913 |        17.7404
                   32 |  0.542 |       -1392.39910154 |        17.6699
                   33 |  0.559 |       -1392.39936719 |        17.5032
                   34 |  0.576 |       -1392.39978127 |        17.2433
                   35 |  0.593 |       -1392.40033753 |        16.8943
                   36 |  0.610 |       -1392.40103204 |        16.4585
                   37 |  0.627 |       -1392.40185746 |        15.9405
                   38 |  0.643 |       -1392.40279672 |        15.3511
                   39 |  0.660 |       -1392.40385498 |        14.6870
                   40 |  0.677 |       -1392.40502528 |        13.9527
                   41 |  0.694 |       -1392.40625287 |        13.1823
                   42 |  0.711 |       -1392.40754839 |        12.3694
                   43 |  0.728 |       -1392.40884895 |        11.5533
                   44 |  0.745 |       -1392.41018105 |        10.7174
                   45 |  0.762 |       -1392.41150038 |         9.8895
                   46 |  0.780 |       -1392.41275859 |         9.0999
                   47 |  0.797 |       -1392.41391450 |         8.3746
                   48 |  0.813 |       -1392.41508455 |         7.6404
                   49 |  0.830 |       -1392.41628887 |         6.8846
                   50 |  0.847 |       -1392.41743300 |         6.1667
                   51 |  0.864 |       -1392.41845953 |         5.5225
                   52 |  0.881 |       -1392.41936909 |         4.9518
                   53 |  0.898 |       -1392.42011483 |         4.4838
                   54 |  0.915 |       -1392.42079667 |         4.0560
                   55 |  0.932 |       -1392.42134632 |         3.7110
                   56 |  0.949 |       -1392.42177443 |         3.4424
                   57 |  0.966 |       -1392.42207905 |         3.2513
                   58 |  0.983 |       -1392.42226272 |         3.1360
                   59 |  1.000 |       -1392.42232530 |         3.0967

               | TS Bead          : 9 
               | Reactant Energy  : -1392.42726024 a.u 
               | TS Energy        : 159360143606232096076448752276496606362167410688.00000000 a.u 
               | Product Energy   : -1392.42232530 a.u 
               | Forward Barrier  : 159360143606232096076448752276496606362167410688.00000000 a.u    | 100000083714346705373830433710820097650812967190528.0000 kcal/mol
               | Backward Barrier : 159360143606232096076448752276496606362167410688.00000000 a.u    | 100000083714346705373830433710820097650812967190528.0000 kcal/mol


               Checking convergence:

               | RMS dev. tol.  : 0.01 Å
               | RMS force tol. : 0.250000 Hartree/bohr
               | Max force tol. : 0.500000 Hartree/bohr
               | RMS dev.  : 0.005609 Å
               | RMS force : 0.003983 Hartree/bohr
               | Max. force: 0.028175 Hartree/bohr

               Convergence achieved at step 2
               Finishing QM Iterations...

             Starting MM optimization with restraint positions.
                  Force constant = 2.5

             MM optimizations with restraints are complete. 
             Starting new QSM iteration. 


               | TS Bead          : 9 
               | Reactant Energy  : -1392.42726024 a.u 
               | TS Energy        : 159360143606232096076448752276496606362167410688.00000000 a.u 
               | Product Energy   : -1392.42232530 a.u 
               | Forward Barrier  : 159360143606232096076448752276496606362167410688.00000000 a.u    | 100000083714346705373830433710820097650812967190528.0000 kcal/mol
               | Backward Barrier : 159360143606232096076448752276496606362167410688.00000000 a.u    | 100000083714346705373830433710820097650812967190528.0000 kcal/mol


       | Opt. step : 2

            | QM step : 1

               Computing forces. 

               Bead energies:
                 Bead |  Coord |       E (a.u)        |  RE (kcal/mol)  
                    0 |  0.000 |       -1392.42726024 |         0.0000
                    1 |  0.017 |       -1392.42717197 |         0.0554
                    2 |  0.034 |       -1392.42696859 |         0.1830
                    3 |  0.051 |       -1392.42664875 |         0.3837
                    4 |  0.068 |       -1392.42621496 |         0.6559
                    5 |  0.085 |       -1392.42566825 |         0.9990
                    6 |  0.102 |       -1392.42499687 |         1.4203
                    7 |  0.119 |       -1392.42419477 |         1.9236
                    8 |  0.136 |       -1392.42327112 |         2.5032
                    9 |  0.153 |       -1392.42222540 |         3.1594
                   10 |  0.170 |       -1392.42105732 |         3.8924
                   11 |  0.187 |       -1392.41982095 |         4.6682
                   12 |  0.203 |       -1381.28080977 |      6994.5091
                   13 |  0.220 |       -1392.41735684 |         6.2145
                   14 |  0.238 |       -1392.41601432 |         7.0569
                   15 |  0.255 |       -1392.41458780 |         7.9521
                   16 |  0.272 |       -1392.41307714 |         8.9000
                   17 |  0.289 |       -1392.41157194 |         9.8446
                   18 |  0.306 |       -1392.41006795 |        10.7883
                   19 |  0.323 |       -1392.40858994 |        11.7158
                   20 |  0.340 |       -1392.40717061 |        12.6064
                   21 |  0.357 |       -1392.40582249 |        13.4524
                   22 |  0.374 |       -1392.40455867 |        14.2455
                   23 |  0.391 |       -1392.40339925 |        14.9730
                   24 |  0.408 |       -1392.40235723 |        15.6269
                   25 |  0.425 |       -1392.40143700 |        16.2043
                   26 |  0.441 |       -1392.40064879 |        16.6990
                   27 |  0.458 |       -1392.40005563 |        17.0712
                   28 |  0.475 |       -1392.39956253 |        17.3806
                   29 |  0.492 |       -1392.39921814 |        17.5967
                   30 |  0.509 |       -1392.39902808 |        17.7160
                   31 |  0.526 |       -1392.39898912 |        17.7404
                   32 |  0.542 |       -1392.39910156 |        17.6699
                   33 |  0.559 |       -1392.39936718 |        17.5032
                   34 |  0.576 |       -1392.39978126 |        17.2433
                   35 |  0.593 |       -1392.40033752 |        16.8943
                   36 |  0.610 |       -1392.40103203 |        16.4585
                   37 |  0.627 |       -1392.40185750 |        15.9405
                   38 |  0.643 |       -1392.40279673 |        15.3511
                   39 |  0.660 |       -1392.40385498 |        14.6870
                   40 |  0.677 |       -1392.40502527 |        13.9527
                   41 |  0.694 |       -1392.40625287 |        13.1823
                   42 |  0.711 |       -1392.40754838 |        12.3694
                   43 |  0.728 |       -1392.40884897 |        11.5533
                   44 |  0.745 |       -1392.41018106 |        10.7174
                   45 |  0.762 |       -1392.41150037 |         9.8895
                   46 |  0.780 |       -1392.41275857 |         9.0999
                   47 |  0.797 |       -1392.41391452 |         8.3746
                   48 |  0.813 |       -1392.41508453 |         7.6404
                   49 |  0.830 |       -1392.41628890 |         6.8846
                   50 |  0.847 |       -1392.41743300 |         6.1667
                   51 |  0.864 |       -1392.41845954 |         5.5225
                   52 |  0.881 |       -1392.41936912 |         4.9518
                   53 |  0.898 |       -1392.42011484 |         4.4838
                   54 |  0.915 |       -1392.42079667 |         4.0560
                   55 |  0.932 |       -1392.42134631 |         3.7110
                   56 |  0.949 |       -1392.42177445 |         3.4424
                   57 |  0.966 |       -1392.42207904 |         3.2513
                   58 |  0.983 |       -1392.42226273 |         3.1360
                   59 |  1.000 |       -1392.42232530 |         3.0967

               | TS Bead          : 12 
               | Reactant Energy  : -1392.42726024 a.u 
               | TS Energy        : -1381.28080977 a.u 
               | Product Energy   : -1392.42232530 a.u 
               | Forward Barrier  : 11.14645047 a.u    | 6994.5091 kcal/mol
               | Backward Barrier : 11.14151553 a.u    | 6991.4124 kcal/mol



            | QM step : 2

               Computing forces. 

               Bead energies:
                 Bead |  Coord |       E (a.u)        |  RE (kcal/mol)  
                    0 |  0.000 |       -1392.42726024 |         0.0000
                    1 |  0.017 |       -1392.42719415 |         0.0415
                    2 |  0.033 |       -1392.42705143 |         0.1310
                    3 |  0.050 |       -1392.42684350 |         0.2615
                    4 |  0.067 |       -1392.42655997 |         0.4394
                    5 |  0.084 |       -1392.42619280 |         0.6698
                    6 |  0.101 |       -1392.42574068 |         0.9535
                    7 |  0.118 |       -1392.42520157 |         1.2918
                    8 |  0.135 |       -1392.42454470 |         1.7040
                    9 |  0.153 |       -1392.42377391 |         2.1877
                   10 |  0.170 |       -1392.42290989 |         2.7299
                   11 |  0.186 |       -1392.42201392 |         3.2921
                   12 |  0.201 |       -1392.42110496 |         3.8625
                   13 |  0.218 |       -1392.42009300 |         4.4975
                   14 |  0.238 |       -1392.41868004 |         5.3842
                   15 |  0.255 |       -1392.41737295 |         6.2044
                   16 |  0.273 |       -1392.41603835 |         7.0418
                   17 |  0.291 |       -1392.41465748 |         7.9084
                   18 |  0.308 |       -1392.41324637 |         8.7938
                   19 |  0.325 |       -1392.41182670 |         9.6847
                   20 |  0.342 |       -1392.41042452 |        10.5646
                   21 |  0.359 |       -1392.40906471 |        11.4179
                   22 |  0.376 |       -1392.40778011 |        12.2240
                   23 |  0.392 |       -1392.40658531 |        12.9737
                   24 |  0.409 |       -1392.40553219 |        13.6346
                   25 |  0.426 |       -1392.40455596 |        14.2472
                   26 |  0.442 |       -1392.40372288 |        14.7699
                   27 |  0.459 |       -1392.40302945 |        15.2051
                   28 |  0.475 |       -1392.40248722 |        15.5453
                   29 |  0.492 |       -1392.40210621 |        15.7844
                   30 |  0.509 |       -1392.40188318 |        15.9244
                   31 |  0.525 |       -1392.40182181 |        15.9629
                   32 |  0.542 |       -1392.40192272 |        15.8996
                   33 |  0.558 |       -1392.40218431 |        15.7354
                   34 |  0.575 |       -1392.40260139 |        15.4737
                   35 |  0.591 |       -1392.40316871 |        15.1177
                   36 |  0.608 |       -1392.40388282 |        14.6696
                   37 |  0.625 |       -1392.40471168 |        14.1494
                   38 |  0.641 |       -1392.40567406 |        13.5455
                   39 |  0.658 |       -1392.40672964 |        12.8832
                   40 |  0.675 |       -1392.40786568 |        12.1703
                   41 |  0.692 |       -1392.40909540 |        11.3986
                   42 |  0.709 |       -1392.41032174 |        10.6291
                   43 |  0.726 |       -1392.41155005 |         9.8583
                   44 |  0.744 |       -1392.41280032 |         9.0737
                   45 |  0.762 |       -1392.41400081 |         8.3204
                   46 |  0.780 |       -1392.41517463 |         7.5838
                   47 |  0.798 |       -1392.41631655 |         6.8673
                   48 |  0.814 |       -1392.41719805 |         6.3141
                   49 |  0.829 |       -1392.41811657 |         5.7377
                   50 |  0.848 |       -1392.41897392 |         5.1998
                   51 |  0.865 |       -1392.41972056 |         4.7312
                   52 |  0.882 |       -1392.42038559 |         4.3139
                   53 |  0.899 |       -1392.42089573 |         3.9938
                   54 |  0.916 |       -1392.42134785 |         3.7101
                   55 |  0.933 |       -1392.42170982 |         3.4829
                   56 |  0.950 |       -1392.42198055 |         3.3131
                   57 |  0.967 |       -1392.42217508 |         3.1910
                   58 |  0.983 |       -1392.42228716 |         3.1207
                   59 |  1.000 |       -1392.42232530 |         3.0967

               | TS Bead          : 31 
               | Reactant Energy  : -1392.42726024 a.u 
               | TS Energy        : -1392.40182181 a.u 
               | Product Energy   : -1392.42232530 a.u 
               | Forward Barrier  : 0.02543844 a.u    | 15.9629 kcal/mol
               | Backward Barrier : 0.02050350 a.u    | 12.8661 kcal/mol


               Checking convergence:

               | RMS dev. tol.  : 0.001 Å
               | RMS force tol. : 0.025000 Hartree/bohr
               | Max force tol. : 0.050000 Hartree/bohr
               | RMS dev.  : 0.004195 Å
               | RMS force : 0.003182 Hartree/bohr
               | Max. force: 0.022603 Hartree/bohr

            | QM step : 3

               Computing forces. 

               Bead energies:
                 Bead |  Coord |       E (a.u)        |  RE (kcal/mol)  
                    0 |  0.000 |       -1392.42726024 |         0.0000
                    1 |  0.017 |       -1392.42719741 |         0.0394
                    2 |  0.033 |       -1392.42706267 |         0.1240
                    3 |  0.050 |       -1392.42686945 |         0.2452
                    4 |  0.067 |       -1392.42660891 |         0.4087
                    5 |  0.083 |       -1392.42627171 |         0.6203
                    6 |  0.100 |       -1392.42585847 |         0.8796
                    7 |  0.118 |       -1392.42536705 |         1.1880
                    8 |  0.135 |       -1392.42476598 |         1.5652
                    9 |  0.152 |       -1392.42406149 |         2.0073
                   10 |  0.169 |       -1392.42327113 |         2.5032
                   11 |  0.185 |       -1392.42246937 |         3.0063
                   12 |  0.201 |       -1392.42162542 |         3.5359
                   13 |  0.218 |       -1392.42062418 |         4.1642
                   14 |  0.237 |       -1392.41932680 |         4.9783
                   15 |  0.255 |       -1392.41809023 |         5.7543
                   16 |  0.273 |       -1392.41678456 |         6.5736
                   17 |  0.291 |       -1392.41539879 |         7.4432
                   18 |  0.308 |       -1392.41399973 |         8.3211
                   19 |  0.325 |       -1392.41259005 |         9.2057
                   20 |  0.342 |       -1392.41119382 |        10.0818
                   21 |  0.359 |       -1392.40984102 |        10.9307
                   22 |  0.376 |       -1392.40855695 |        11.7365
                   23 |  0.393 |       -1392.40740420 |        12.4599
                   24 |  0.409 |       -1392.40630215 |        13.1514
                   25 |  0.426 |       -1392.40532465 |        13.7648
                   26 |  0.443 |       -1392.40448133 |        14.2940
                   27 |  0.459 |       -1392.40377835 |        14.7351
                   28 |  0.476 |       -1392.40322635 |        15.0815
                   29 |  0.492 |       -1392.40283634 |        15.3262
                   30 |  0.509 |       -1392.40260562 |        15.4710
                   31 |  0.525 |       -1392.40253846 |        15.5132
                   32 |  0.542 |       -1392.40263487 |        15.4527
                   33 |  0.558 |       -1392.40289394 |        15.2901
                   34 |  0.575 |       -1392.40331525 |        15.0257
                   35 |  0.591 |       -1392.40388168 |        14.6703
                   36 |  0.608 |       -1392.40458905 |        14.2264
                   37 |  0.624 |       -1392.40543539 |        13.6953
                   38 |  0.641 |       -1392.40637468 |        13.1059
                   39 |  0.658 |       -1392.40742549 |        12.4465
                   40 |  0.675 |       -1392.40855251 |        11.7393
                   41 |  0.692 |       -1392.40976347 |        10.9794
                   42 |  0.709 |       -1392.41100155 |        10.2025
                   43 |  0.726 |       -1392.41218549 |         9.4596
                   44 |  0.744 |       -1392.41346379 |         8.6574
                   45 |  0.762 |       -1392.41461273 |         7.9364
                   46 |  0.780 |       -1392.41574179 |         7.2279
                   47 |  0.798 |       -1392.41683534 |         6.5417
                   48 |  0.814 |       -1392.41766272 |         6.0225
                   49 |  0.829 |       -1392.41845014 |         5.5284
                   50 |  0.848 |       -1392.41929201 |         5.0001
                   51 |  0.865 |       -1392.41997661 |         4.5706
                   52 |  0.882 |       -1392.42057797 |         4.1932
                   53 |  0.899 |       -1392.42103508 |         3.9064
                   54 |  0.916 |       -1392.42144185 |         3.6511
                   55 |  0.933 |       -1392.42176865 |         3.4460
                   56 |  0.950 |       -1392.42201262 |         3.2929
                   57 |  0.967 |       -1392.42218918 |         3.1821
                   58 |  0.983 |       -1392.42229132 |         3.1180
                   59 |  1.000 |       -1392.42232530 |         3.0967

               | TS Bead          : 31 
               | Reactant Energy  : -1392.42726024 a.u 
               | TS Energy        : -1392.40253846 a.u 
               | Product Energy   : -1392.42232530 a.u 
               | Forward Barrier  : 0.02472178 a.u    | 15.5132 kcal/mol
               | Backward Barrier : 0.01978684 a.u    | 12.4164 kcal/mol


               Checking convergence:

               | RMS dev. tol.  : 0.001 Å
               | RMS force tol. : 0.025000 Hartree/bohr
               | Max force tol. : 0.050000 Hartree/bohr
               | RMS dev.  : 0.001125 Å
               | RMS force : 0.002976 Hartree/bohr
               | Max. force: 0.021121 Hartree/bohr

            | QM step : 4

               Computing forces. 

               Bead energies:
                 Bead |  Coord |       E (a.u)        |  RE (kcal/mol)  
                    0 |  0.000 |       -1392.42726024 |         0.0000
                    1 |  0.016 |       -1392.42720324 |         0.0358
                    2 |  0.033 |       -1392.42708152 |         0.1121
                    3 |  0.049 |       -1392.42691261 |         0.2181
                    4 |  0.066 |       -1392.42668940 |         0.3582
                    5 |  0.083 |       -1392.42640445 |         0.5370
                    6 |  0.099 |       -1392.42606020 |         0.7530
                    7 |  0.117 |       -1392.42564619 |         1.0128
                    8 |  0.134 |       -1392.42516126 |         1.3171
                    9 |  0.151 |       -1392.42458991 |         1.6757
                   10 |  0.168 |       -1392.42395174 |         2.0761
                   11 |  0.184 |       -1392.42330391 |         2.4826
                   12 |  0.200 |       -1392.42259057 |         2.9303
                   13 |  0.217 |       -1392.42169697 |         3.4910
                   14 |  0.236 |       -1392.42060996 |         4.1731
                   15 |  0.255 |       -1392.41948845 |         4.8769
                   16 |  0.273 |       -1392.41827287 |         5.6397
                   17 |  0.291 |       -1392.41698101 |         6.4503
                   18 |  0.309 |       -1392.41563779 |         7.2932
                   19 |  0.326 |       -1392.41431371 |         8.1241
                   20 |  0.343 |       -1392.41295884 |         8.9743
                   21 |  0.360 |       -1392.41163012 |         9.8081
                   22 |  0.377 |       -1392.41033960 |        10.6179
                   23 |  0.394 |       -1392.40914215 |        11.3693
                   24 |  0.410 |       -1392.40804596 |        12.0572
                   25 |  0.427 |       -1392.40706179 |        12.6747
                   26 |  0.443 |       -1392.40620228 |        13.2141
                   27 |  0.460 |       -1392.40548108 |        13.6666
                   28 |  0.476 |       -1392.40491174 |        14.0239
                   29 |  0.493 |       -1392.40450661 |        14.2781
                   30 |  0.509 |       -1392.40426267 |        14.4312
                   31 |  0.525 |       -1392.40418285 |        14.4813
                   32 |  0.542 |       -1392.40426899 |        14.4272
                   33 |  0.558 |       -1392.40451982 |        14.2698
                   34 |  0.574 |       -1392.40492960 |        14.0127
                   35 |  0.591 |       -1392.40549223 |        13.6596
                   36 |  0.607 |       -1392.40620236 |        13.2140
                   37 |  0.624 |       -1392.40702482 |        12.6979
                   38 |  0.640 |       -1392.40796237 |        12.1096
                   39 |  0.657 |       -1392.40898383 |        11.4686
                   40 |  0.674 |       -1392.41008323 |        10.7787
                   41 |  0.691 |       -1392.41123616 |        10.0553
                   42 |  0.709 |       -1392.41247100 |         9.2804
                   43 |  0.725 |       -1392.41357470 |         8.5878
                   44 |  0.744 |       -1392.41479211 |         7.8239
                   45 |  0.762 |       -1392.41587290 |         7.1457
                   46 |  0.780 |       -1392.41689150 |         6.5065
                   47 |  0.799 |       -1392.41785947 |         5.8991
                   48 |  0.815 |       -1392.41856734 |         5.4549
                   49 |  0.830 |       -1392.41919448 |         5.0613
                   50 |  0.849 |       -1392.41988571 |         4.6276
                   51 |  0.866 |       -1392.42044451 |         4.2769
                   52 |  0.883 |       -1392.42092559 |         3.9751
                   53 |  0.900 |       -1392.42127897 |         3.7533
                   54 |  0.917 |       -1392.42160398 |         3.5494
                   55 |  0.934 |       -1392.42186837 |         3.3835
                   56 |  0.951 |       -1392.42206551 |         3.2597
                   57 |  0.967 |       -1392.42220615 |         3.1715
                   58 |  0.984 |       -1392.42229757 |         3.1141
                   59 |  1.000 |       -1392.42232530 |         3.0967

               | TS Bead          : 31 
               | Reactant Energy  : -1392.42726024 a.u 
               | TS Energy        : -1392.40418285 a.u 
               | Product Energy   : -1392.42232530 a.u 
               | Forward Barrier  : 0.02307739 a.u    | 14.4813 kcal/mol
               | Backward Barrier : 0.01814245 a.u    | 11.3846 kcal/mol


               Checking convergence:

               | RMS dev. tol.  : 0.001 Å
               | RMS force tol. : 0.025000 Hartree/bohr
               | Max force tol. : 0.050000 Hartree/bohr
               | RMS dev.  : 0.002713 Å
               | RMS force : 0.002498 Hartree/bohr
               | Max. force: 0.017701 Hartree/bohr

            | QM step : 5

               Computing forces. 

               Bead energies:
                 Bead |  Coord |       E (a.u)        |  RE (kcal/mol)  
                    0 |  0.000 |       -1392.42726024 |         0.0000
                    1 |  0.016 |       -1392.42720927 |         0.0320
                    2 |  0.032 |       -1392.42709673 |         0.1026
                    3 |  0.048 |       -1392.42694554 |         0.1975
                    4 |  0.065 |       -1392.42674910 |         0.3207
                    5 |  0.081 |       -1392.42650098 |         0.4764
                    6 |  0.098 |       -1392.42620508 |         0.6621
                    7 |  0.115 |       -1392.42585652 |         0.8809
                    8 |  0.132 |       -1392.42544636 |         1.1382
                    9 |  0.149 |       -1392.42498388 |         1.4284
                   10 |  0.166 |       -1392.42447204 |         1.7496
                   11 |  0.181 |       -1392.42395927 |         2.0714
                   12 |  0.197 |       -1392.42335349 |         2.4515
                   13 |  0.215 |       -1392.42260415 |         2.9217
                   14 |  0.235 |       -1392.42170412 |         3.4865
                   15 |  0.253 |       -1392.42077165 |         4.0717
                   16 |  0.272 |       -1392.41968847 |         4.7514
                   17 |  0.291 |       -1392.41851402 |         5.4883
                   18 |  0.309 |       -1392.41727609 |         6.2652
                   19 |  0.327 |       -1392.41600083 |         7.0654
                   20 |  0.344 |       -1392.41471482 |         7.8724
                   21 |  0.361 |       -1392.41344728 |         8.6678
                   22 |  0.378 |       -1392.41220978 |         9.4443
                   23 |  0.395 |       -1392.41103285 |        10.1829
                   24 |  0.411 |       -1392.40994996 |        10.8624
                   25 |  0.428 |       -1392.40897177 |        11.4762
                   26 |  0.444 |       -1392.40810536 |        12.0199
                   27 |  0.461 |       -1392.40737725 |        12.4768
                   28 |  0.477 |       -1392.40679508 |        12.8421
                   29 |  0.493 |       -1392.40636985 |        13.1089
                   30 |  0.509 |       -1392.40611121 |        13.2712
                   31 |  0.525 |       -1392.40602121 |        13.3277
                   32 |  0.541 |       -1392.40609431 |        13.2818
                   33 |  0.558 |       -1392.40633318 |        13.1319
                   34 |  0.574 |       -1392.40673253 |        12.8813
                   35 |  0.590 |       -1392.40726962 |        12.5443
                   36 |  0.607 |       -1392.40794887 |        12.1181
                   37 |  0.623 |       -1392.40875616 |        11.6115
                   38 |  0.640 |       -1392.40966528 |        11.0410
                   39 |  0.656 |       -1392.41065494 |        10.4200
                   40 |  0.673 |       -1392.41170986 |         9.7580
                   41 |  0.690 |       -1392.41279418 |         9.0776
                   42 |  0.709 |       -1392.41392635 |         8.3671
                   43 |  0.725 |       -1392.41498560 |         7.7025
                   44 |  0.744 |       -1392.41608457 |         7.0128
                   45 |  0.763 |       -1392.41703905 |         6.4139
                   46 |  0.782 |       -1392.41792185 |         5.8599
                   47 |  0.801 |       -1392.41873597 |         5.3491
                   48 |  0.817 |       -1392.41931706 |         4.9844
                   49 |  0.832 |       -1392.41980168 |         4.6803
                   50 |  0.851 |       -1392.42034722 |         4.3380
                   51 |  0.868 |       -1392.42079812 |         4.0550
                   52 |  0.885 |       -1392.42118329 |         3.8134
                   53 |  0.902 |       -1392.42150499 |         3.6115
                   54 |  0.919 |       -1392.42172264 |         3.4749
                   55 |  0.935 |       -1392.42194099 |         3.3379
                   56 |  0.952 |       -1392.42210420 |         3.2355
                   57 |  0.968 |       -1392.42222490 |         3.1597
                   58 |  0.984 |       -1392.42229807 |         3.1138
                   59 |  1.000 |       -1392.42232530 |         3.0967

               | TS Bead          : 31 
               | Reactant Energy  : -1392.42726024 a.u 
               | TS Energy        : -1392.40602121 a.u 
               | Product Energy   : -1392.42232530 a.u 
               | Forward Barrier  : 0.02123903 a.u    | 13.3277 kcal/mol
               | Backward Barrier : 0.01630409 a.u    | 10.2310 kcal/mol


               Checking convergence:

               | RMS dev. tol.  : 0.001 Å
               | RMS force tol. : 0.025000 Hartree/bohr
               | Max force tol. : 0.050000 Hartree/bohr
               | RMS dev.  : 0.003319 Å
               | RMS force : 0.001957 Hartree/bohr
               | Max. force: 0.013486 Hartree/bohr

            | QM step : 6

               Computing forces. 

               Bead energies:
                 Bead |  Coord |       E (a.u)        |  RE (kcal/mol)  
                    0 |  0.000 |       -1392.42726024 |         0.0000
                    1 |  0.016 |       -1392.42721067 |         0.0311
                    2 |  0.032 |       -1392.42709982 |         0.1007
                    3 |  0.048 |       -1392.42695186 |         0.1935
                    4 |  0.064 |       -1392.42676011 |         0.3138
                    5 |  0.081 |       -1392.42651881 |         0.4653
                    6 |  0.097 |       -1392.42623180 |         0.6454
                    7 |  0.114 |       -1392.42589384 |         0.8574
                    8 |  0.131 |       -1392.42549846 |         1.1055
                    9 |  0.148 |       -1392.42505472 |         1.3840
                   10 |  0.165 |       -1392.42456490 |         1.6914
                   11 |  0.180 |       -1392.42406743 |         2.0035
                   12 |  0.196 |       -1392.42349055 |         2.3655
                   13 |  0.214 |       -1392.42277525 |         2.8144
                   14 |  0.234 |       -1392.42194943 |         3.3326
                   15 |  0.253 |       -1392.42100895 |         3.9228
                   16 |  0.272 |       -1392.41996054 |         4.5806
                   17 |  0.290 |       -1392.41881922 |         5.2968
                   18 |  0.309 |       -1392.41761183 |         6.0545
                   19 |  0.327 |       -1392.41636248 |         6.8385
                   20 |  0.344 |       -1392.41509846 |         7.6316
                   21 |  0.361 |       -1392.41384257 |         8.4197
                   22 |  0.378 |       -1392.41262732 |         9.1823
                   23 |  0.395 |       -1392.41145872 |         9.9156
                   24 |  0.412 |       -1392.41038325 |        10.5905
                   25 |  0.428 |       -1392.40939990 |        11.2075
                   26 |  0.444 |       -1392.40853735 |        11.7488
                   27 |  0.461 |       -1392.40780652 |        12.2074
                   28 |  0.477 |       -1392.40722433 |        12.5727
                   29 |  0.493 |       -1392.40679657 |        12.8412
                   30 |  0.509 |       -1392.40653564 |        13.0049
                   31 |  0.525 |       -1392.40644331 |        13.0628
                   32 |  0.541 |       -1392.40651356 |        13.0187
                   33 |  0.558 |       -1392.40674885 |        12.8711
                   34 |  0.574 |       -1392.40714484 |        12.6226
                   35 |  0.590 |       -1392.40769503 |        12.2774
                   36 |  0.607 |       -1392.40837399 |        11.8513
                   37 |  0.623 |       -1392.40917278 |        11.3501
                   38 |  0.640 |       -1392.41007324 |        10.7850
                   39 |  0.656 |       -1392.41103142 |        10.1838
                   40 |  0.673 |       -1392.41207135 |         9.5312
                   41 |  0.691 |       -1392.41314297 |         8.8587
                   42 |  0.709 |       -1392.41425433 |         8.1613
                   43 |  0.726 |       -1392.41527777 |         7.5191
                   44 |  0.745 |       -1392.41634434 |         6.8498
                   45 |  0.764 |       -1392.41730140 |         6.2493
                   46 |  0.782 |       -1392.41812047 |         5.7353
                   47 |  0.802 |       -1392.41890177 |         5.2450
                   48 |  0.818 |       -1392.41945608 |         4.8972
                   49 |  0.833 |       -1392.41992411 |         4.6035
                   50 |  0.851 |       -1392.42043583 |         4.2824
                   51 |  0.868 |       -1392.42086190 |         4.0150
                   52 |  0.885 |       -1392.42122982 |         3.7842
                   53 |  0.902 |       -1392.42153747 |         3.5911
                   54 |  0.919 |       -1392.42174420 |         3.4614
                   55 |  0.936 |       -1392.42195440 |         3.3295
                   56 |  0.952 |       -1392.42211150 |         3.2309
                   57 |  0.968 |       -1392.42222812 |         3.1577
                   58 |  0.984 |       -1392.42229931 |         3.1130
                   59 |  1.000 |       -1392.42232530 |         3.0967

               | TS Bead          : 31 
               | Reactant Energy  : -1392.42726024 a.u 
               | TS Energy        : -1392.40644331 a.u 
               | Product Energy   : -1392.42232530 a.u 
               | Forward Barrier  : 0.02081693 a.u    | 13.0628 kcal/mol
               | Backward Barrier : 0.01588199 a.u    | 9.9661 kcal/mol


               Checking convergence:

               | RMS dev. tol.  : 0.001 Å
               | RMS force tol. : 0.025000 Hartree/bohr
               | Max force tol. : 0.050000 Hartree/bohr
               | RMS dev.  : 0.000840 Å
               | RMS force : 0.001831 Hartree/bohr
               | Max. force: 0.012505 Hartree/bohr

               Convergence achieved at step 6
               Finishing QM Iterations...

             Starting MM optimization without restraints.

             MM optimization complete.

               Bead energies:
                 Bead |  Coord |       E (a.u)        |  RE (kcal/mol)  
                    0 |  0.000 |       -1392.42726024 |         0.0000
                    1 |  0.017 |       -1392.42721067 |         0.0311
                    2 |  0.034 |       -1392.42709982 |         0.1007
                    3 |  0.051 |       -1392.42695188 |         0.1935
                    4 |  0.068 |       -1392.42676010 |         0.3138
                    5 |  0.085 |       -1392.42651879 |         0.4653
                    6 |  0.102 |       -1392.42623181 |         0.6454
                    7 |  0.119 |       -1392.42589385 |         0.8574
                    8 |  0.136 |       -1392.42549848 |         1.1055
                    9 |  0.153 |       -1392.42505474 |         1.3840
                   10 |  0.169 |       -1392.42456486 |         1.6914
                   11 |  0.186 |       -1392.42406741 |         2.0035
                   12 |  0.203 |       -1392.42349051 |         2.3655
                   13 |  0.220 |       -1392.42277530 |         2.8143
                   14 |  0.237 |       -1392.42194947 |         3.3326
                   15 |  0.254 |       -1392.42100897 |         3.9227
                   16 |  0.271 |       -1392.41996875 |         4.5755
                   17 |  0.288 |       -1392.41882770 |         5.2915
                   18 |  0.305 |       -1392.41762057 |         6.0490
                   19 |  0.322 |       -1392.41637153 |         6.8328
                   20 |  0.339 |       -1392.41510781 |         7.6258
                   21 |  0.356 |       -1392.41385221 |         8.4137
                   22 |  0.373 |       -1392.41263731 |         9.1760
                   23 |  0.390 |       -1392.41146896 |         9.9092
                   24 |  0.407 |       -1392.41039384 |        10.5838
                   25 |  0.424 |       -1392.40941075 |        11.2007
                   26 |  0.441 |       -1392.40854838 |        11.7419
                   27 |  0.458 |       -1392.40781774 |        12.2004
                   28 |  0.475 |       -1392.40723576 |        12.5656
                   29 |  0.492 |       -1392.40680813 |        12.8339
                   30 |  0.508 |       -1392.40654736 |        12.9975
                   31 |  0.525 |       -1392.40645509 |        13.0554
                   32 |  0.542 |       -1392.40652540 |        13.0113
                   33 |  0.559 |       -1392.40676066 |        12.8637
                   34 |  0.576 |       -1392.40715656 |        12.6153
                   35 |  0.593 |       -1392.40770681 |        12.2700
                   36 |  0.610 |       -1392.40838562 |        11.8440
                   37 |  0.627 |       -1392.40918436 |        11.3428
                   38 |  0.644 |       -1392.41008463 |        10.7779
                   39 |  0.661 |       -1392.41104242 |        10.1768
                   40 |  0.678 |       -1392.41208214 |         9.5244
                   41 |  0.695 |       -1392.41315357 |         8.8521
                   42 |  0.712 |       -1392.41426466 |         8.1549
                   43 |  0.729 |       -1392.41528779 |         7.5128
                   44 |  0.746 |       -1392.41635398 |         6.8438
                   45 |  0.763 |       -1392.41731082 |         6.2434
                   46 |  0.780 |       -1392.41812975 |         5.7295
                   47 |  0.797 |       -1392.41891075 |         5.2394
                   48 |  0.814 |       -1392.41946472 |         4.8918
                   49 |  0.831 |       -1392.41993256 |         4.5982
                   50 |  0.847 |       -1392.42044390 |         4.2773
                   51 |  0.864 |       -1392.42086194 |         4.0150
                   52 |  0.881 |       -1392.42122989 |         3.7841
                   53 |  0.898 |       -1392.42153746 |         3.5911
                   54 |  0.915 |       -1392.42174425 |         3.4613
                   55 |  0.932 |       -1392.42195436 |         3.3295
                   56 |  0.949 |       -1392.42211149 |         3.2309
                   57 |  0.966 |       -1392.42222814 |         3.1577
                   58 |  0.983 |       -1392.42229931 |         3.1130
                   59 |  1.000 |       -1392.42232530 |         3.0967

               | TS Bead          : 31 
               | Reactant Energy  : -1392.42726024 a.u 
               | TS Energy        : -1392.40645509 a.u 
               | Product Energy   : -1392.42232530 a.u 
               | Forward Barrier  : 0.02080515 a.u    | 13.0554 kcal/mol
               | Backward Barrier : 0.01587022 a.u    | 9.9587 kcal/mol


       | Opt. step : 3

            | QM step : 1

               Computing forces. 

               Bead energies:
                 Bead |  Coord |       E (a.u)        |  RE (kcal/mol)  
                    0 |  0.000 |       -1392.42726024 |         0.0000
                    1 |  0.016 |       -1392.42721066 |         0.0311
                    2 |  0.032 |       -1392.42709980 |         0.1007
                    3 |  0.048 |       -1392.42695186 |         0.1935
                    4 |  0.064 |       -1392.42676011 |         0.3138
                    5 |  0.081 |       -1392.42651878 |         0.4653
                    6 |  0.097 |       -1392.42623180 |         0.6454
                    7 |  0.114 |       -1392.42589386 |         0.8574
                    8 |  0.131 |       -1392.42549846 |         1.1055
                    9 |  0.148 |       -1392.42505472 |         1.3840
                   10 |  0.165 |       -1392.42456493 |         1.6913
                   11 |  0.180 |       -1392.42406745 |         2.0035
                   12 |  0.196 |       -1392.42349061 |         2.3655
                   13 |  0.214 |       -1392.42277525 |         2.8144
                   14 |  0.234 |       -1392.42194941 |         3.3326
                   15 |  0.253 |       -1392.42100896 |         3.9227
                   16 |  0.272 |       -1392.41996876 |         4.5755
                   17 |  0.290 |       -1392.41882768 |         5.2915
                   18 |  0.309 |       -1392.41762058 |         6.0490
                   19 |  0.327 |       -1392.41637152 |         6.8328
                   20 |  0.344 |       -1392.41510780 |         7.6258
                   21 |  0.361 |       -1392.41385221 |         8.4137
                   22 |  0.378 |       -1392.41263731 |         9.1760
                   23 |  0.395 |       -1392.41146895 |         9.9092
                   24 |  0.412 |       -1392.41039382 |        10.5838
                   25 |  0.428 |       -1392.40941073 |        11.2008
                   26 |  0.444 |       -1392.40854838 |        11.7419
                   27 |  0.461 |       -1392.40781776 |        12.2004
                   28 |  0.477 |       -1392.40723574 |        12.5656
                   29 |  0.493 |       -1392.40680813 |        12.8339
                   30 |  0.509 |       -1392.40654736 |        12.9975
                   31 |  0.525 |       -1392.40645506 |        13.0555
                   32 |  0.541 |       -1392.40652537 |        13.0113
                   33 |  0.558 |       -1392.40676068 |        12.8637
                   34 |  0.574 |       -1392.40715658 |        12.6152
                   35 |  0.590 |       -1392.40770680 |        12.2700
                   36 |  0.607 |       -1392.40838561 |        11.8440
                   37 |  0.623 |       -1392.40918436 |        11.3428
                   38 |  0.640 |       -1392.41008463 |        10.7779
                   39 |  0.656 |       -1392.41104241 |        10.1768
                   40 |  0.673 |       -1392.41208216 |         9.5244
                   41 |  0.691 |       -1392.41315357 |         8.8521
                   42 |  0.709 |       -1392.41426465 |         8.1549
                   43 |  0.726 |       -1392.41528780 |         7.5128
                   44 |  0.745 |       -1392.41635399 |         6.8438
                   45 |  0.764 |       -1392.41731082 |         6.2434
                   46 |  0.782 |       -1392.41812974 |         5.7295
                   47 |  0.802 |       -1392.41891074 |         5.2394
                   48 |  0.818 |       -1392.41946472 |         4.8918
                   49 |  0.833 |       -1392.41993256 |         4.5982
                   50 |  0.851 |       -1392.42044390 |         4.2773
                   51 |  0.868 |       -1392.42086187 |         4.0150
                   52 |  0.885 |       -1392.42122979 |         3.7842
                   53 |  0.902 |       -1392.42153747 |         3.5911
                   54 |  0.919 |       -1392.42174422 |         3.4614
                   55 |  0.936 |       -1392.42195439 |         3.3295
                   56 |  0.952 |       -1392.42211153 |         3.2309
                   57 |  0.968 |       -1392.42222810 |         3.1577
                   58 |  0.984 |       -1392.42229931 |         3.1130
                   59 |  1.000 |       -1392.42232530 |         3.0967

               | TS Bead          : 31 
               | Reactant Energy  : -1392.42726024 a.u 
               | TS Energy        : -1392.40645506 a.u 
               | Product Energy   : -1392.42232530 a.u 
               | Forward Barrier  : 0.02080518 a.u    | 13.0555 kcal/mol
               | Backward Barrier : 0.01587024 a.u    | 9.9587 kcal/mol



            | QM step : 2

               Computing forces. 

               Bead energies:
                 Bead |  Coord |       E (a.u)        |  RE (kcal/mol)  
                    0 |  0.000 |       -1392.42726024 |         0.0000
                    1 |  0.016 |       -1392.42721429 |         0.0288
                    2 |  0.031 |       -1392.42711346 |         0.0921
                    3 |  0.047 |       -1392.42697808 |         0.1771
                    4 |  0.063 |       -1392.42680454 |         0.2860
                    5 |  0.079 |       -1392.42658753 |         0.4221
                    6 |  0.095 |       -1392.42633188 |         0.5826
                    7 |  0.112 |       -1392.42603040 |         0.7717
                    8 |  0.128 |       -1392.42568822 |         0.9865
                    9 |  0.145 |       -1392.42529909 |         1.2306
                   10 |  0.161 |       -1392.42487625 |         1.4960
                   11 |  0.177 |       -1392.42449008 |         1.7383
                   12 |  0.193 |       -1392.42400515 |         2.0426
                   13 |  0.211 |       -1392.42338999 |         2.4286
                   14 |  0.231 |       -1392.42263556 |         2.9020
                   15 |  0.250 |       -1392.42180683 |         3.4221
                   16 |  0.270 |       -1392.42086187 |         4.0150
                   17 |  0.289 |       -1392.41976886 |         4.7009
                   18 |  0.307 |       -1392.41861864 |         5.4227
                   19 |  0.324 |       -1392.41751499 |         6.1152
                   20 |  0.342 |       -1392.41645045 |         6.7833
                   21 |  0.360 |       -1392.41536488 |         7.4645
                   22 |  0.378 |       -1392.41426250 |         8.1562
                   23 |  0.395 |       -1392.41317998 |         8.8355
                   24 |  0.412 |       -1392.41213949 |         9.4884
                   25 |  0.429 |       -1392.41118442 |        10.0877
                   26 |  0.445 |       -1392.41033766 |        10.6191
                   27 |  0.461 |       -1392.40961541 |        11.0723
                   28 |  0.478 |       -1392.40903405 |        11.4371
                   29 |  0.494 |       -1392.40860693 |        11.7051
                   30 |  0.510 |       -1392.40833761 |        11.8741
                   31 |  0.526 |       -1392.40824082 |        11.9349
                   32 |  0.541 |       -1392.40830223 |        11.8963
                   33 |  0.558 |       -1392.40851896 |        11.7603
                   34 |  0.574 |       -1392.40890446 |        11.5184
                   35 |  0.590 |       -1392.40942489 |        11.1919
                   36 |  0.606 |       -1392.41007384 |        10.7846
                   37 |  0.623 |       -1392.41083466 |        10.3072
                   38 |  0.640 |       -1392.41167727 |         9.7785
                   39 |  0.657 |       -1392.41258173 |         9.2109
                   40 |  0.675 |       -1392.41350104 |         8.6340
                   41 |  0.693 |       -1392.41439402 |         8.0737
                   42 |  0.711 |       -1392.41527379 |         7.5216
                   43 |  0.727 |       -1392.41619195 |         6.9455
                   44 |  0.747 |       -1392.41722917 |         6.2946
                   45 |  0.767 |       -1392.41807407 |         5.7644
                   46 |  0.786 |       -1392.41879975 |         5.3090
                   47 |  0.806 |       -1392.41947059 |         4.8881
                   48 |  0.822 |       -1392.41991664 |         4.6082
                   49 |  0.837 |       -1392.42033910 |         4.3431
                   50 |  0.854 |       -1392.42074740 |         4.0869
                   51 |  0.871 |       -1392.42108634 |         3.8742
                   52 |  0.888 |       -1392.42139581 |         3.6800
                   53 |  0.905 |       -1392.42165709 |         3.5160
                   54 |  0.921 |       -1392.42182327 |         3.4118
                   55 |  0.937 |       -1392.42200455 |         3.2980
                   56 |  0.953 |       -1392.42214238 |         3.2115
                   57 |  0.969 |       -1392.42224287 |         3.1484
                   58 |  0.984 |       -1392.42230592 |         3.1089
                   59 |  1.000 |       -1392.42232530 |         3.0967

               | TS Bead          : 31 
               | Reactant Energy  : -1392.42726024 a.u 
               | TS Energy        : -1392.40824082 a.u 
               | Product Energy   : -1392.42232530 a.u 
               | Forward Barrier  : 0.01901942 a.u    | 11.9349 kcal/mol
               | Backward Barrier : 0.01408448 a.u    | 8.8382 kcal/mol


               Checking convergence:

               | RMS dev. tol.  : 0.001 Å
               | RMS force tol. : 0.025000 Hartree/bohr
               | Max force tol. : 0.050000 Hartree/bohr
               | RMS dev.  : 0.003901 Å
               | RMS force : 0.001349 Hartree/bohr
               | Max. force: 0.010105 Hartree/bohr

            | QM step : 3

               Computing forces. 

               Bead energies:
                 Bead |  Coord |       E (a.u)        |  RE (kcal/mol)  
                    0 |  0.000 |       -1392.42726024 |         0.0000
                    1 |  0.016 |       -1392.42722338 |         0.0231
                    2 |  0.031 |       -1392.42712700 |         0.0836
                    3 |  0.046 |       -1392.42700075 |         0.1628
                    4 |  0.062 |       -1392.42684122 |         0.2629
                    5 |  0.078 |       -1392.42664009 |         0.3891
                    6 |  0.093 |       -1392.42640714 |         0.5353
                    7 |  0.110 |       -1392.42613568 |         0.7057
                    8 |  0.126 |       -1392.42585958 |         0.8789
                    9 |  0.142 |       -1392.42550574 |         1.1010
                   10 |  0.158 |       -1392.42512801 |         1.3380
                   11 |  0.173 |       -1392.42473351 |         1.5855
                   12 |  0.189 |       -1392.42426605 |         1.8789
                   13 |  0.207 |       -1392.42369352 |         2.2382
                   14 |  0.227 |       -1392.42299887 |         2.6741
                   15 |  0.247 |       -1392.42222443 |         3.1600
                   16 |  0.267 |       -1392.42135475 |         3.7058
                   17 |  0.286 |       -1392.42041060 |         4.2982
                   18 |  0.304 |       -1392.41953066 |         4.8504
                   19 |  0.321 |       -1392.41860832 |         5.4292
                   20 |  0.340 |       -1392.41756604 |         6.0832
                   21 |  0.358 |       -1392.41644803 |         6.7848
                   22 |  0.377 |       -1392.41531242 |         7.4974
                   23 |  0.394 |       -1392.41421326 |         8.1871
                   24 |  0.412 |       -1392.41317517 |         8.8385
                   25 |  0.429 |       -1392.41222496 |         9.4348
                   26 |  0.445 |       -1392.41138029 |         9.9648
                   27 |  0.462 |       -1392.41066841 |        10.4115
                   28 |  0.478 |       -1392.41009383 |        10.7721
                   29 |  0.494 |       -1392.40967106 |        11.0374
                   30 |  0.510 |       -1392.40940345 |        11.2053
                   31 |  0.526 |       -1392.40930077 |        11.2697
                   32 |  0.541 |       -1392.40935517 |        11.2356
                   33 |  0.557 |       -1392.40957681 |        11.0965
                   34 |  0.573 |       -1392.40993647 |        10.8708
                   35 |  0.590 |       -1392.41043826 |        10.5560
                   36 |  0.606 |       -1392.41106935 |        10.1599
                   37 |  0.623 |       -1392.41181013 |         9.6951
                   38 |  0.640 |       -1392.41264054 |         9.1740
                   39 |  0.658 |       -1392.41353925 |         8.6101
                   40 |  0.677 |       -1392.41450099 |         8.0066
                   41 |  0.696 |       -1392.41541629 |         7.4322
                   42 |  0.715 |       -1392.41631215 |         6.8700
                   43 |  0.729 |       -1392.41698030 |         6.4508
                   44 |  0.749 |       -1392.41781239 |         5.9286
                   45 |  0.769 |       -1392.41858014 |         5.4469
                   46 |  0.789 |       -1392.41920354 |         5.0557
                   47 |  0.809 |       -1392.41980506 |         4.6782
                   48 |  0.825 |       -1392.42025502 |         4.3958
                   49 |  0.841 |       -1392.42063060 |         4.1602
                   50 |  0.857 |       -1392.42095910 |         3.9540
                   51 |  0.874 |       -1392.42125228 |         3.7701
                   52 |  0.890 |       -1392.42152445 |         3.5993
                   53 |  0.906 |       -1392.42174656 |         3.4599
                   54 |  0.922 |       -1392.42188903 |         3.3705
                   55 |  0.938 |       -1392.42204630 |         3.2718
                   56 |  0.954 |       -1392.42216633 |         3.1965
                   57 |  0.969 |       -1392.42225568 |         3.1404
                   58 |  0.984 |       -1392.42231318 |         3.1043
                   59 |  1.000 |       -1392.42232530 |         3.0967

               | TS Bead          : 31 
               | Reactant Energy  : -1392.42726024 a.u 
               | TS Energy        : -1392.40930077 a.u 
               | Product Energy   : -1392.42232530 a.u 
               | Forward Barrier  : 0.01795947 a.u    | 11.2697 kcal/mol
               | Backward Barrier : 0.01302453 a.u    | 8.1730 kcal/mol


               Checking convergence:

               | RMS dev. tol.  : 0.001 Å
               | RMS force tol. : 0.025000 Hartree/bohr
               | Max force tol. : 0.050000 Hartree/bohr
               | RMS dev.  : 0.003323 Å
               | RMS force : 0.001040 Hartree/bohr
               | Max. force: 0.005744 Hartree/bohr

            | QM step : 4

               Computing forces. 

               Bead energies:
                 Bead |  Coord |       E (a.u)        |  RE (kcal/mol)  
                    0 |  0.000 |       -1392.42726024 |         0.0000
                    1 |  0.017 |       -1392.42723138 |         0.0181
                    2 |  0.031 |       -1392.42714282 |         0.0737
                    3 |  0.046 |       -1392.42702550 |         0.1473
                    4 |  0.061 |       -1392.42687699 |         0.2405
                    5 |  0.076 |       -1392.42669400 |         0.3553
                    6 |  0.092 |       -1392.42651852 |         0.4654
                    7 |  0.108 |       -1392.42627137 |         0.6205
                    8 |  0.123 |       -1392.42598614 |         0.7995
                    9 |  0.140 |       -1392.42565718 |         1.0059
                   10 |  0.155 |       -1392.42527500 |         1.2458
                   11 |  0.170 |       -1392.42488891 |         1.4880
                   12 |  0.186 |       -1392.42449240 |         1.7369
                   13 |  0.204 |       -1392.42392614 |         2.0922
                   14 |  0.224 |       -1392.42322887 |         2.5297
                   15 |  0.244 |       -1392.42247526 |         3.0026
                   16 |  0.264 |       -1392.42164796 |         3.5218
                   17 |  0.284 |       -1392.42074370 |         4.0892
                   18 |  0.301 |       -1392.41990375 |         4.6163
                   19 |  0.319 |       -1392.41902153 |         5.1699
                   20 |  0.339 |       -1392.41803839 |         5.7868
                   21 |  0.358 |       -1392.41700725 |         6.4339
                   22 |  0.376 |       -1392.41594315 |         7.1016
                   23 |  0.394 |       -1392.41487773 |         7.7701
                   24 |  0.412 |       -1392.41385811 |         8.4100
                   25 |  0.429 |       -1392.41292281 |         8.9969
                   26 |  0.445 |       -1392.41209619 |         9.5156
                   27 |  0.462 |       -1392.41138839 |         9.9597
                   28 |  0.478 |       -1392.41081888 |        10.3171
                   29 |  0.494 |       -1392.41039300 |        10.5844
                   30 |  0.510 |       -1392.41013350 |        10.7472
                   31 |  0.525 |       -1392.41004609 |        10.8021
                   32 |  0.540 |       -1392.41008749 |        10.7761
                   33 |  0.556 |       -1392.41029173 |        10.6479
                   34 |  0.572 |       -1392.41064958 |        10.4234
                   35 |  0.589 |       -1392.41113949 |        10.1159
                   36 |  0.605 |       -1392.41175247 |         9.7313
                   37 |  0.622 |       -1392.41247124 |         9.2802
                   38 |  0.639 |       -1392.41328114 |         8.7720
                   39 |  0.657 |       -1392.41416559 |         8.2170
                   40 |  0.676 |       -1392.41503153 |         7.6736
                   41 |  0.697 |       -1392.41604523 |         7.0375
                   42 |  0.716 |       -1392.41675420 |         6.5926
                   43 |  0.731 |       -1392.41726377 |         6.2729
                   44 |  0.752 |       -1392.41797694 |         5.8254
                   45 |  0.772 |       -1392.41873511 |         5.3496
                   46 |  0.792 |       -1392.41941713 |         4.9216
                   47 |  0.812 |       -1392.42004153 |         4.5298
                   48 |  0.827 |       -1392.42034714 |         4.3380
                   49 |  0.844 |       -1392.42067651 |         4.1314
                   50 |  0.861 |       -1392.42105909 |         3.8913
                   51 |  0.876 |       -1392.42137128 |         3.6954
                   52 |  0.892 |       -1392.42162777 |         3.5344
                   53 |  0.908 |       -1392.42178283 |         3.4371
                   54 |  0.924 |       -1392.42194010 |         3.3384
                   55 |  0.939 |       -1392.42208181 |         3.2495
                   56 |  0.954 |       -1392.42218473 |         3.1849
                   57 |  0.969 |       -1392.42226312 |         3.1357
                   58 |  0.984 |       -1392.42232350 |         3.0979
                   59 |  1.000 |       -1392.42232530 |         3.0967

               | TS Bead          : 31 
               | Reactant Energy  : -1392.42726024 a.u 
               | TS Energy        : -1392.41004609 a.u 
               | Product Energy   : -1392.42232530 a.u 
               | Forward Barrier  : 0.01721416 a.u    | 10.8021 kcal/mol
               | Backward Barrier : 0.01227922 a.u    | 7.7053 kcal/mol


               Checking convergence:

               | RMS dev. tol.  : 0.001 Å
               | RMS force tol. : 0.025000 Hartree/bohr
               | Max force tol. : 0.050000 Hartree/bohr
               | RMS dev.  : 0.003532 Å
               | RMS force : 0.001319 Hartree/bohr
               | Max. force: 0.018396 Hartree/bohr

            | QM step : 5

               Computing forces. 

               Bead energies:
                 Bead |  Coord |       E (a.u)        |  RE (kcal/mol)  
                    0 |  0.000 |       -1392.42726024 |         0.0000
                    1 |  0.017 |       -1392.42723847 |         0.0137
                    2 |  0.032 |       -1392.42714954 |         0.0695
                    3 |  0.046 |       -1392.42703592 |         0.1408
                    4 |  0.061 |       -1392.42689369 |         0.2300
                    5 |  0.077 |       -1392.42671484 |         0.3422
                    6 |  0.092 |       -1392.42654761 |         0.4472
                    7 |  0.108 |       -1392.42630844 |         0.5973
                    8 |  0.124 |       -1392.42602830 |         0.7731
                    9 |  0.140 |       -1392.42571691 |         0.9685
                   10 |  0.155 |       -1392.42537917 |         1.1804
                   11 |  0.170 |       -1392.42501401 |         1.4095
                   12 |  0.186 |       -1392.42459898 |         1.6700
                   13 |  0.204 |       -1392.42406565 |         2.0046
                   14 |  0.224 |       -1392.42341451 |         2.4132
                   15 |  0.243 |       -1392.42271471 |         2.8524
                   16 |  0.263 |       -1392.42193308 |         3.3428
                   17 |  0.283 |       -1392.42108926 |         3.8724
                   18 |  0.301 |       -1392.42027136 |         4.3856
                   19 |  0.319 |       -1392.41938589 |         4.9412
                   20 |  0.338 |       -1392.41836657 |         5.5809
                   21 |  0.357 |       -1392.41728221 |         6.2613
                   22 |  0.376 |       -1392.41618393 |         6.9505
                   23 |  0.394 |       -1392.41511192 |         7.6232
                   24 |  0.412 |       -1392.41409666 |         8.2603
                   25 |  0.429 |       -1392.41316145 |         8.8471
                   26 |  0.445 |       -1392.41233391 |         9.3664
                   27 |  0.462 |       -1392.41162767 |         9.8096
                   28 |  0.478 |       -1392.41105712 |        10.1676
                   29 |  0.494 |       -1392.41063814 |        10.4305
                   30 |  0.510 |       -1392.41037836 |        10.5935
                   31 |  0.526 |       -1392.41028314 |        10.6533
                   32 |  0.541 |       -1392.41033138 |        10.6230
                   33 |  0.557 |       -1392.41053177 |        10.4973
                   34 |  0.573 |       -1392.41088574 |        10.2752
                   35 |  0.589 |       -1392.41136835 |         9.9723
                   36 |  0.606 |       -1392.41198193 |         9.5873
                   37 |  0.623 |       -1392.41269923 |         9.1372
                   38 |  0.640 |       -1392.41350351 |         8.6325
                   39 |  0.659 |       -1392.41437005 |         8.0887
                   40 |  0.678 |       -1392.41529056 |         7.5111
                   41 |  0.698 |       -1392.41619564 |         6.9431
                   42 |  0.717 |       -1392.41702032 |         6.4257
                   43 |  0.732 |       -1392.41763009 |         6.0430
                   44 |  0.752 |       -1392.41837075 |         5.5782
                   45 |  0.772 |       -1392.41906062 |         5.1453
                   46 |  0.792 |       -1392.41964385 |         4.7794
                   47 |  0.812 |       -1392.42015992 |         4.4555
                   48 |  0.827 |       -1392.42050168 |         4.2411
                   49 |  0.844 |       -1392.42084716 |         4.0243
                   50 |  0.861 |       -1392.42118960 |         3.8094
                   51 |  0.876 |       -1392.42143458 |         3.6557
                   52 |  0.892 |       -1392.42166170 |         3.5131
                   53 |  0.908 |       -1392.42181105 |         3.4194
                   54 |  0.924 |       -1392.42196223 |         3.3246
                   55 |  0.939 |       -1392.42209786 |         3.2394
                   56 |  0.954 |       -1392.42219822 |         3.1765
                   57 |  0.969 |       -1392.42227323 |         3.1294
                   58 |  0.984 |       -1392.42232222 |         3.0987
                   59 |  1.000 |       -1392.42232530 |         3.0967

               | TS Bead          : 31 
               | Reactant Energy  : -1392.42726024 a.u 
               | TS Energy        : -1392.41028314 a.u 
               | Product Energy   : -1392.42232530 a.u 
               | Forward Barrier  : 0.01697710 a.u    | 10.6533 kcal/mol
               | Backward Barrier : 0.01204216 a.u    | 7.5566 kcal/mol


               Checking convergence:

               | RMS dev. tol.  : 0.001 Å
               | RMS force tol. : 0.025000 Hartree/bohr
               | Max force tol. : 0.050000 Hartree/bohr
               | RMS dev.  : 0.000866 Å
               | RMS force : 0.000739 Hartree/bohr
               | Max. force: 0.004295 Hartree/bohr

               Convergence achieved at step 5
               Finishing QM Iterations...

             Starting MM optimization without restraints.

             MM optimization complete.

               Bead energies:
                 Bead |  Coord |       E (a.u)        |  RE (kcal/mol)  
                    0 |  0.000 |       -1392.42726024 |         0.0000
                    1 |  0.017 |       -1392.42723847 |         0.0137
                    2 |  0.034 |       -1392.42714956 |         0.0695
                    3 |  0.051 |       -1392.42703587 |         0.1408
                    4 |  0.068 |       -1392.42689365 |         0.2300
                    5 |  0.085 |       -1392.42671483 |         0.3423
                    6 |  0.102 |       -1392.42654759 |         0.4472
                    7 |  0.119 |       -1392.42630844 |         0.5973
                    8 |  0.136 |       -1392.42602827 |         0.7731
                    9 |  0.153 |       -1392.42571687 |         0.9685
                   10 |  0.169 |       -1392.42537917 |         1.1804
                   11 |  0.186 |       -1392.42501401 |         1.4095
                   12 |  0.203 |       -1392.42459898 |         1.6700
                   13 |  0.220 |       -1392.42406565 |         2.0046
                   14 |  0.237 |       -1392.42341448 |         2.4133
                   15 |  0.254 |       -1392.42271474 |         2.8524
                   16 |  0.271 |       -1392.42193308 |         3.3428
                   17 |  0.288 |       -1392.42108919 |         3.8724
                   18 |  0.305 |       -1392.42027135 |         4.3856
                   19 |  0.322 |       -1392.41938589 |         4.9412
                   20 |  0.339 |       -1392.41836654 |         5.5809
                   21 |  0.356 |       -1392.41728220 |         6.2613
                   22 |  0.373 |       -1392.41618392 |         6.9505
                   23 |  0.390 |       -1392.41511190 |         7.6232
                   24 |  0.407 |       -1392.41409667 |         8.2603
                   25 |  0.424 |       -1392.41316146 |         8.8471
                   26 |  0.441 |       -1392.41233392 |         9.3664
                   27 |  0.458 |       -1392.41162766 |         9.8096
                   28 |  0.475 |       -1392.41105711 |        10.1676
                   29 |  0.492 |       -1392.41063816 |        10.4305
                   30 |  0.508 |       -1392.41037834 |        10.5936
                   31 |  0.525 |       -1392.41028314 |        10.6533
                   32 |  0.542 |       -1392.41033135 |        10.6230
                   33 |  0.559 |       -1392.41053175 |        10.4973
                   34 |  0.576 |       -1392.41088571 |        10.2752
                   35 |  0.593 |       -1392.41136837 |         9.9723
                   36 |  0.610 |       -1392.41198192 |         9.5873
                   37 |  0.627 |       -1392.41269923 |         9.1372
                   38 |  0.644 |       -1392.41350354 |         8.6325
                   39 |  0.661 |       -1392.41437004 |         8.0887
                   40 |  0.678 |       -1392.41529057 |         7.5111
                   41 |  0.695 |       -1392.41619561 |         6.9432
                   42 |  0.712 |       -1392.41702036 |         6.4256
                   43 |  0.729 |       -1392.41763004 |         6.0430
                   44 |  0.746 |       -1392.41837079 |         5.5782
                   45 |  0.763 |       -1392.41906063 |         5.1453
                   46 |  0.780 |       -1392.41964385 |         4.7794
                   47 |  0.797 |       -1392.42015995 |         4.4555
                   48 |  0.814 |       -1392.42050170 |         4.2411
                   49 |  0.831 |       -1392.42084719 |         4.0243
                   50 |  0.847 |       -1392.42118957 |         3.8094
                   51 |  0.864 |       -1392.42143458 |         3.6557
                   52 |  0.881 |       -1392.42166173 |         3.5131
                   53 |  0.898 |       -1392.42181101 |         3.4194
                   54 |  0.915 |       -1392.42196221 |         3.3246
                   55 |  0.932 |       -1392.42209785 |         3.2395
                   56 |  0.949 |       -1392.42219820 |         3.1765
                   57 |  0.966 |       -1392.42227321 |         3.1294
                   58 |  0.983 |       -1392.42232226 |         3.0986
                   59 |  1.000 |       -1392.42232530 |         3.0967

               | TS Bead          : 31 
               | Reactant Energy  : -1392.42726024 a.u 
               | TS Energy        : -1392.41028314 a.u 
               | Product Energy   : -1392.42232530 a.u 
               | Forward Barrier  : 0.01697710 a.u    | 10.6533 kcal/mol
               | Backward Barrier : 0.01204216 a.u    | 7.5566 kcal/mol


               QMMM relaxation satisfactory.

     > Optimization Complete <



################# Usage Statistics #################
  Total wall time:                     6.2808 hours
  Wall time for QM Wrappers:           5.3241 hours
  Wall time for MM Wrappers:           0.8133 hours
  Wall time for LICHEM:                0.1433 hours
####################################################


Done.

